This is pdfTeX, Version 3.141592653-2.6-1.40.24 (TeX Live 2022) (preloaded format=pdflatex 2022.4.14)  11 APR 2023 12:36
entering extended mode
 restricted \write18 enabled.
 %&-line parsing enabled.
**\nonstopmode \input ./Rd2.tex
(./Rd2.tex
(/Users/haritoto/Library/TinyTeX/texmf-dist/tex/latex/base/book.cls
Document Class: book 2021/10/04 v1.4n Standard LaTeX document class
(/Users/haritoto/Library/TinyTeX/texmf-dist/tex/latex/base/bk10.clo
File: bk10.clo 2021/10/04 v1.4n Standard LaTeX file (size option)
)
\c@part=\count185
\c@chapter=\count186
\c@section=\count187
\c@subsection=\count188
\c@subsubsection=\count189
\c@paragraph=\count190
\c@subparagraph=\count191
\c@figure=\count192
\c@table=\count193
\abovecaptionskip=\skip47
\belowcaptionskip=\skip48
\bibindent=\dimen138
) (/Library/Frameworks/R.framework/Resources/share/texmf/tex/latex/Rd.sty
Package: Rd 
 (/Users/haritoto/Library/TinyTeX/texmf-dist/tex/latex/base/ifthen.sty
Package: ifthen 2020/11/24 v1.1c Standard LaTeX ifthen package (DPC)
) (/Users/haritoto/Library/TinyTeX/texmf-dist/tex/latex/tools/longtable.sty
Package: longtable 2021-09-01 v4.17 Multi-page Table package (DPC)
\LTleft=\skip49
\LTright=\skip50
\LTpre=\skip51
\LTpost=\skip52
\LTchunksize=\count194
\LTcapwidth=\dimen139
\LT@head=\box50
\LT@firsthead=\box51
\LT@foot=\box52
\LT@lastfoot=\box53
\LT@gbox=\box54
\LT@cols=\count195
\LT@rows=\count196
\c@LT@tables=\count197
\c@LT@chunks=\count198
\LT@p@ftn=\toks16
) (/Users/haritoto/Library/TinyTeX/texmf-dist/tex/latex/tools/bm.sty
Package: bm 2021/04/25 v1.2e Bold Symbol Support (DPC/FMi)
\symboldoperators=\mathgroup4
\symboldletters=\mathgroup5
\symboldsymbols=\mathgroup6
Package bm Info: No bold for \OMX/cmex/m/n, using \pmb.
LaTeX Font Info:    Redeclaring math alphabet \mathbf on input line 149.
) (/Users/haritoto/Library/TinyTeX/texmf-dist/tex/latex/base/alltt.sty
Package: alltt 2021/01/29 v2.0g defines alltt environment
) (/Users/haritoto/Library/TinyTeX/texmf-dist/tex/latex/tools/verbatim.sty
Package: verbatim 2020-07-07 v1.5u LaTeX2e package for verbatim enhancements
\every@verbatim=\toks17
\verbatim@line=\toks18
\verbatim@in@stream=\read2
) (/Users/haritoto/Library/TinyTeX/texmf-dist/tex/latex/url/url.sty
\Urlmuskip=\muskip16
Package: url 2013/09/16  ver 3.4  Verb mode for urls, etc.
) (/Users/haritoto/Library/TinyTeX/texmf-dist/tex/latex/base/textcomp.sty
Package: textcomp 2020/02/02 v2.0n Standard LaTeX package
)
\ldescriptionwidth=\skip53
 (/Users/haritoto/Library/TinyTeX/texmf-dist/tex/latex/base/fontenc.sty
Package: fontenc 2021/04/29 v2.0v Standard LaTeX package
) (/Users/haritoto/Library/TinyTeX/texmf-dist/tex/latex/psnfss/times.sty
Package: times 2020/03/25 PSNFSS-v9.3 (SPQR) 
) (/Users/haritoto/Library/TinyTeX/texmf-dist/tex/latex/inconsolata/zi4.sty
Package: zi4 2019/05/17 v1.12
 `inconsolata-zi4' v1.12, 2019/05/17 Text macros for Inconsolata (msharpe) (/Users/haritoto/Library/TinyTeX/texmf-dist/tex/latex/xkeyval/xkeyval.sty
Package: xkeyval 2020/11/20 v2.8 package option processing (HA)
 (/Users/haritoto/Library/TinyTeX/texmf-dist/tex/generic/xkeyval/xkeyval.tex (/Users/haritoto/Library/TinyTeX/texmf-dist/tex/generic/xkeyval/xkvutils.tex
\XKV@toks=\toks19
\XKV@tempa@toks=\toks20
 (/Users/haritoto/Library/TinyTeX/texmf-dist/tex/generic/xkeyval/keyval.tex))
\XKV@depth=\count199
File: xkeyval.tex 2014/12/03 v2.7a key=value parser (HA)
))
\zifour@ocount=\count266
) (/Users/haritoto/Library/TinyTeX/texmf-dist/tex/latex/graphics/color.sty
Package: color 2021/12/07 v1.3c Standard LaTeX Color (DPC)
 (/Users/haritoto/Library/TinyTeX/texmf-dist/tex/latex/graphics-cfg/color.cfg
File: color.cfg 2016/01/02 v1.6 sample color configuration
)
Package color Info: Driver file: pdftex.def on input line 149.
 (/Users/haritoto/Library/TinyTeX/texmf-dist/tex/latex/graphics-def/pdftex.def
File: pdftex.def 2020/10/05 v1.2a Graphics/color driver for pdftex
)) (/Users/haritoto/Library/TinyTeX/texmf-dist/tex/latex/hyperref/hyperref.sty
Package: hyperref 2022-02-21 v7.00n Hypertext links for LaTeX
 (/Users/haritoto/Library/TinyTeX/texmf-dist/tex/generic/ltxcmds/ltxcmds.sty
Package: ltxcmds 2020-05-10 v1.25 LaTeX kernel commands for general use (HO)
) (/Users/haritoto/Library/TinyTeX/texmf-dist/tex/generic/iftex/iftex.sty
Package: iftex 2022/02/03 v1.0f TeX engine tests
) (/Users/haritoto/Library/TinyTeX/texmf-dist/tex/generic/pdftexcmds/pdftexcmds.sty
Package: pdftexcmds 2020-06-27 v0.33 Utility functions of pdfTeX for LuaTeX (HO)
 (/Users/haritoto/Library/TinyTeX/texmf-dist/tex/generic/infwarerr/infwarerr.sty
Package: infwarerr 2019/12/03 v1.5 Providing info/warning/error messages (HO)
)
Package pdftexcmds Info: \pdf@primitive is available.
Package pdftexcmds Info: \pdf@ifprimitive is available.
Package pdftexcmds Info: \pdfdraftmode found.
) (/Users/haritoto/Library/TinyTeX/texmf-dist/tex/generic/kvsetkeys/kvsetkeys.sty
Package: kvsetkeys 2019/12/15 v1.18 Key value parser (HO)
) (/Users/haritoto/Library/TinyTeX/texmf-dist/tex/generic/kvdefinekeys/kvdefinekeys.sty
Package: kvdefinekeys 2019-12-19 v1.6 Define keys (HO)
) (/Users/haritoto/Library/TinyTeX/texmf-dist/tex/generic/pdfescape/pdfescape.sty
Package: pdfescape 2019/12/09 v1.15 Implements pdfTeX's escape features (HO)
) (/Users/haritoto/Library/TinyTeX/texmf-dist/tex/latex/hycolor/hycolor.sty
Package: hycolor 2020-01-27 v1.10 Color options for hyperref/bookmark (HO)
) (/Users/haritoto/Library/TinyTeX/texmf-dist/tex/latex/letltxmacro/letltxmacro.sty
Package: letltxmacro 2019/12/03 v1.6 Let assignment for LaTeX macros (HO)
) (/Users/haritoto/Library/TinyTeX/texmf-dist/tex/latex/auxhook/auxhook.sty
Package: auxhook 2019-12-17 v1.6 Hooks for auxiliary files (HO)
) (/Users/haritoto/Library/TinyTeX/texmf-dist/tex/latex/kvoptions/kvoptions.sty
Package: kvoptions 2020-10-07 v3.14 Key value format for package options (HO)
)
\@linkdim=\dimen140
\Hy@linkcounter=\count267
\Hy@pagecounter=\count268
 (/Users/haritoto/Library/TinyTeX/texmf-dist/tex/latex/hyperref/pd1enc.def
File: pd1enc.def 2022-02-21 v7.00n Hyperref: PDFDocEncoding definition (HO)
Now handling font encoding PD1 ...
... no UTF-8 mapping file for font encoding PD1
) (/Users/haritoto/Library/TinyTeX/texmf-dist/tex/generic/intcalc/intcalc.sty
Package: intcalc 2019/12/15 v1.3 Expandable calculations with integers (HO)
) (/Users/haritoto/Library/TinyTeX/texmf-dist/tex/generic/etexcmds/etexcmds.sty
Package: etexcmds 2019/12/15 v1.7 Avoid name clashes with e-TeX commands (HO)
)
\Hy@SavedSpaceFactor=\count269
 (/Users/haritoto/Library/TinyTeX/texmf-dist/tex/latex/hyperref/puenc.def
File: puenc.def 2022-02-21 v7.00n Hyperref: PDF Unicode definition (HO)
Now handling font encoding PU ...
... no UTF-8 mapping file for font encoding PU
)
Package hyperref Info: Hyper figures OFF on input line 4137.
Package hyperref Info: Link nesting OFF on input line 4142.
Package hyperref Info: Hyper index ON on input line 4145.
Package hyperref Info: Plain pages OFF on input line 4152.
Package hyperref Info: Backreferencing OFF on input line 4157.
Package hyperref Info: Implicit mode ON; LaTeX internals redefined.
Package hyperref Info: Bookmarks ON on input line 4390.
\c@Hy@tempcnt=\count270
LaTeX Info: Redefining \url on input line 4749.
\XeTeXLinkMargin=\dimen141
 (/Users/haritoto/Library/TinyTeX/texmf-dist/tex/generic/bitset/bitset.sty
Package: bitset 2019/12/09 v1.3 Handle bit-vector datatype (HO)
 (/Users/haritoto/Library/TinyTeX/texmf-dist/tex/generic/bigintcalc/bigintcalc.sty
Package: bigintcalc 2019/12/15 v1.5 Expandable calculations on big integers (HO)
))
\Fld@menulength=\count271
\Field@Width=\dimen142
\Fld@charsize=\dimen143
Package hyperref Info: Hyper figures OFF on input line 6027.
Package hyperref Info: Link nesting OFF on input line 6032.
Package hyperref Info: Hyper index ON on input line 6035.
Package hyperref Info: backreferencing OFF on input line 6042.
Package hyperref Info: Link coloring OFF on input line 6047.
Package hyperref Info: Link coloring with OCG OFF on input line 6052.
Package hyperref Info: PDF/A mode OFF on input line 6057.
LaTeX Info: Redefining \ref on input line 6097.
LaTeX Info: Redefining \pageref on input line 6101.
 (/Users/haritoto/Library/TinyTeX/texmf-dist/tex/latex/base/atbegshi-ltx.sty
Package: atbegshi-ltx 2021/01/10 v1.0c Emulation of the original atbegshi
package with kernel methods
)
\Hy@abspage=\count272
\c@Item=\count273
\c@Hfootnote=\count274
)
Package hyperref Info: Driver (autodetected): hpdftex.
 (/Users/haritoto/Library/TinyTeX/texmf-dist/tex/latex/hyperref/hpdftex.def
File: hpdftex.def 2022-02-21 v7.00n Hyperref driver for pdfTeX
 (/Users/haritoto/Library/TinyTeX/texmf-dist/tex/latex/base/atveryend-ltx.sty
Package: atveryend-ltx 2020/08/19 v1.0a Emulation of the original atveryend package
with kernel methods
)
\Fld@listcount=\count275
\c@bookmark@seq@number=\count276
 (/Users/haritoto/Library/TinyTeX/texmf-dist/tex/latex/rerunfilecheck/rerunfilecheck.sty
Package: rerunfilecheck 2019/12/05 v1.9 Rerun checks for auxiliary files (HO)
 (/Users/haritoto/Library/TinyTeX/texmf-dist/tex/generic/uniquecounter/uniquecounter.sty
Package: uniquecounter 2019/12/15 v1.4 Provide unlimited unique counter (HO)
)
Package uniquecounter Info: New unique counter `rerunfilecheck' on input line 286.
)
\Hy@SectionHShift=\skip54
)

Package hyperref Warning: Option `hyperindex' has already been used,
(hyperref)                setting the option has no effect on input line 378.

Package hyperref Info: Option `colorlinks' set `true' on input line 378.

Package hyperref Warning: Option `pagebackref' has already been used,
(hyperref)                setting the option has no effect on input line 378.

Package hyperref Info: Option `linktocpage' set `true' on input line 378.
Package hyperref Info: Option `plainpages' set `false' on input line 378.
) (/Users/haritoto/Library/TinyTeX/texmf-dist/tex/latex/base/makeidx.sty
Package: makeidx 2021/10/04 v1.0m Standard LaTeX package
) (/Users/haritoto/Library/TinyTeX/texmf-dist/tex/latex/base/inputenc.sty
Package: inputenc 2021/02/14 v1.3d Input encoding file
\inpenc@prehook=\toks21
\inpenc@posthook=\toks22
)
\@indexfile=\write3
\openout3 = `Rd2.idx'.


Writing index file Rd2.idx
LaTeX Font Info:    Trying to load font information for T1+ptm on input line 8.
(/Users/haritoto/Library/TinyTeX/texmf-dist/tex/latex/psnfss/t1ptm.fd
File: t1ptm.fd 2001/06/04 font definitions for T1/ptm.
) (/Users/haritoto/Library/TinyTeX/texmf-dist/tex/latex/l3backend/l3backend-pdftex.def
File: l3backend-pdftex.def 2022-04-10 L3 backend support: PDF output (pdfTeX)
\l__color_backend_stack_int=\count277
\l__pdf_internal_box=\box55
) (/private/var/folders/x2/phk11_6n0m93p5fths7dty480000gn/T/RtmpjtSitL/Rd2pdf1137e5b7737/Rd2.aux)
\openout1 = `Rd2.aux'.

LaTeX Font Info:    Checking defaults for OML/cmm/m/it on input line 8.
LaTeX Font Info:    ... okay on input line 8.
LaTeX Font Info:    Checking defaults for OMS/cmsy/m/n on input line 8.
LaTeX Font Info:    ... okay on input line 8.
LaTeX Font Info:    Checking defaults for OT1/cmr/m/n on input line 8.
LaTeX Font Info:    ... okay on input line 8.
LaTeX Font Info:    Checking defaults for T1/cmr/m/n on input line 8.
LaTeX Font Info:    ... okay on input line 8.
LaTeX Font Info:    Checking defaults for TS1/cmr/m/n on input line 8.
LaTeX Font Info:    ... okay on input line 8.
LaTeX Font Info:    Checking defaults for OMX/cmex/m/n on input line 8.
LaTeX Font Info:    ... okay on input line 8.
LaTeX Font Info:    Checking defaults for U/cmr/m/n on input line 8.
LaTeX Font Info:    ... okay on input line 8.
LaTeX Font Info:    Checking defaults for PD1/pdf/m/n on input line 8.
LaTeX Font Info:    ... okay on input line 8.
LaTeX Font Info:    Checking defaults for PU/pdf/m/n on input line 8.
LaTeX Font Info:    ... okay on input line 8.
Package hyperref Info: Link coloring ON on input line 8.
 (/Users/haritoto/Library/TinyTeX/texmf-dist/tex/latex/hyperref/nameref.sty
Package: nameref 2021-04-02 v2.47 Cross-referencing by name of section
 (/Users/haritoto/Library/TinyTeX/texmf-dist/tex/latex/refcount/refcount.sty
Package: refcount 2019/12/15 v3.6 Data extraction from label references (HO)
) (/Users/haritoto/Library/TinyTeX/texmf-dist/tex/generic/gettitlestring/gettitlestring.sty
Package: gettitlestring 2019/12/15 v1.6 Cleanup title references (HO)
)
\c@section@level=\count278
)
LaTeX Info: Redefining \ref on input line 8.
LaTeX Info: Redefining \pageref on input line 8.
LaTeX Info: Redefining \nameref on input line 8.
 (/private/var/folders/x2/phk11_6n0m93p5fths7dty480000gn/T/RtmpjtSitL/Rd2pdf1137e5b7737/Rd2.out) (/private/var/folders/x2/phk11_6n0m93p5fths7dty480000gn/T/RtmpjtSitL/Rd2pdf1137e5b7737/Rd2.out)
\@outlinefile=\write4
\openout4 = `Rd2.out'.

LaTeX Font Info:    Trying to load font information for T1+zi4 on input line 20.
 (/Users/haritoto/Library/TinyTeX/texmf-dist/tex/latex/inconsolata/t1zi4.fd
File: t1zi4.fd 2018/01/14 T1/zi4 (Inconsolata)
)
LaTeX Font Info:    Font shape `T1/zi4/m/n' will be
(Font)              scaled to size 10.0pt on input line 20.
LaTeX Font Info:    External font `cmex10' loaded for size
(Font)              <7> on input line 20.
LaTeX Font Info:    External font `cmex10' loaded for size
(Font)              <5> on input line 20.
LaTeX Font Info:    Trying to load font information for T1+phv on input line 38.
 (/Users/haritoto/Library/TinyTeX/texmf-dist/tex/latex/psnfss/t1phv.fd
File: t1phv.fd 2020/03/25 scalable font definitions for T1/phv.
) (/private/var/folders/x2/phk11_6n0m93p5fths7dty480000gn/T/RtmpjtSitL/Rd2pdf1137e5b7737/Rd2.toc [1


{/Users/haritoto/Library/TinyTeX/texmf-var/fonts/map/pdftex/updmap/pdftex.map}] [2] [3] [4] [5])
\tf@toc=\write5
\openout5 = `Rd2.toc'.

LaTeX Font Info:    Trying to load font information for TS1+zi4 on input line 71.
 (/Users/haritoto/Library/TinyTeX/texmf-dist/tex/latex/inconsolata/ts1zi4.fd
File: ts1zi4.fd 2018/01/14 TS1/zi4 (Inconsolata)
)
LaTeX Font Info:    Font shape `TS1/zi4/m/n' will be
(Font)              scaled to size 10.0pt on input line 71.
 [6] [7] [8] [9] [10] [11] [12]
LaTeX Font Info:    Font shape `T1/zi4/m/n' will be
(Font)              scaled to size 9.0pt on input line 412.
 [13] [14] [15] [16] [17] [18] [19]
Overfull \hbox (18.6079pt too wide) in paragraph at lines 850--855
[]\T1/ptm/m/n/10 called ar-gu-ments. Ar-gu-ments are go-ing to be called by match_call in-side: [][]\T1/zi4/m/n/10 get_sites[][][]
 []

[20] [21] [22] [23] [24]
Overfull \hbox (5.71855pt too wide) in paragraph at lines 1112--1115
[]\T1/ptm/m/n/10 Given com-plete dataset ob-jects in Neotoma (must have used \T1/zi4/m/n/10 get_datasets() \T1/ptm/m/n/10 or \T1/zi4/m/n/10 get_downloads()\T1/ptm/m/n/10 ),
 []

[25]
Overfull \hbox (5.71855pt too wide) in paragraph at lines 1144--1147
[]\T1/ptm/m/n/10 Given com-plete dataset ob-jects in Neotoma (must have used \T1/zi4/m/n/10 get_datasets() \T1/ptm/m/n/10 or \T1/zi4/m/n/10 get_downloads()\T1/ptm/m/n/10 ),
 []

[26]
LaTeX Font Info:    Trying to load font information for TS1+ptm on input line 1183.
 (/Users/haritoto/Library/TinyTeX/texmf-dist/tex/latex/psnfss/ts1ptm.fd
File: ts1ptm.fd 2001/06/04 font definitions for TS1/ptm.
) [27] [28] [29] [30] [31] [32] [33] [34] [35]
Overfull \hbox (5.71855pt too wide) in paragraph at lines 1688--1691
[]\T1/ptm/m/n/10 Given com-plete dataset ob-jects in Neotoma (must have used \T1/zi4/m/n/10 get_datasets() \T1/ptm/m/n/10 or \T1/zi4/m/n/10 get_downloads()\T1/ptm/m/n/10 ),
 []

[36]
Overfull \hbox (5.71855pt too wide) in paragraph at lines 1720--1723
[]\T1/ptm/m/n/10 Given com-plete dataset ob-jects in Neotoma (must have used \T1/zi4/m/n/10 get_datasets() \T1/ptm/m/n/10 or \T1/zi4/m/n/10 get_downloads()\T1/ptm/m/n/10 ),
 []

[37] [38] [39] [40] [41]
Overfull \hbox (5.73766pt too wide) in paragraph at lines 2063--2069
[]\T1/ptm/m/n/10 (\T1/zi4/m/n/10 contactname\T1/ptm/m/n/10 ) A full or par-tial name for an in-di-vid-ual con-trib-u-tor to the database.
 []

[42]
Overfull \hbox (5.73766pt too wide) in paragraph at lines 2091--2097
[]\T1/ptm/m/n/10 (\T1/zi4/m/n/10 contactname\T1/ptm/m/n/10 ) A full or par-tial name for an in-di-vid-ual con-trib-u-tor to the database.
 []


Overfull \hbox (5.73766pt too wide) in paragraph at lines 2119--2125
[]\T1/ptm/m/n/10 (\T1/zi4/m/n/10 contactname\T1/ptm/m/n/10 ) A full or par-tial name for an in-di-vid-ual con-trib-u-tor to the database.
 []

[43]
Overfull \hbox (8.20923pt too wide) in paragraph at lines 2173--2175
[]\T1/zi4/m/n/10 database \T1/ptm/m/n/10 The con-stituent database for the record. See \T1/zi4/m/n/10 get_table("constituentdatabases") 
 []


Overfull \hbox (39.82825pt too wide) in paragraph at lines 2175--2178
\T1/ptm/m/n/10 data types. For a com-plete list of avail-able dataset types, run \T1/zi4/m/n/10 neotoma2::get_table(\TS1/zi4/m/n/10 '\T1/zi4/m/n/10 datasettypes\TS1/zi4/m/n/10 '\T1/zi4/m/n/10 ) 
 []

[44]
LaTeX Font Info:    Font shape `TS1/zi4/m/n' will be
(Font)              scaled to size 9.0pt on input line 2222.
 [45] [46] [47] [48] [49]
Package textcomp Info: Symbol \textasciigrave not provided by
(textcomp)             font family zi4 in TS1 encoding.
(textcomp)             Default family used instead on input line 2537.
LaTeX Font Info:    Trying to load font information for T1+cmtt on input line 2537.
 (/Users/haritoto/Library/TinyTeX/texmf-dist/tex/latex/base/t1cmtt.fd
File: t1cmtt.fd 2019/12/16 v2.5j Standard LaTeX font definitions
)
LaTeX Font Info:    Trying to load font information for TS1+cmtt on input line 2537.
 (/Users/haritoto/Library/TinyTeX/texmf-dist/tex/latex/base/ts1cmtt.fd
File: ts1cmtt.fd 2019/12/16 v2.5j Standard LaTeX font definitions
)
Package textcomp Info: Symbol \textasciigrave not provided by
(textcomp)             font family zi4 in TS1 encoding.
(textcomp)             Default family used instead on input line 2537.
 [50]
Overfull \hbox (23.39972pt too wide) in paragraph at lines 2564--2573
\T1/ptm/m/n/10 ual au-thor. \T1/zi4/m/n/10 pubtype \T1/ptm/m/n/10 The pub-li-ca-tion type, from \T1/zi4/m/n/10 get_tables("publicationtypes")\T1/ptm/m/n/10 .
 []


Overfull \hbox (23.39972pt too wide) in paragraph at lines 2603--2612
\T1/ptm/m/n/10 ual au-thor. \T1/zi4/m/n/10 pubtype \T1/ptm/m/n/10 The pub-li-ca-tion type, from \T1/zi4/m/n/10 get_tables("publicationtypes")\T1/ptm/m/n/10 .
 []

[51]
Overfull \hbox (23.39972pt too wide) in paragraph at lines 2644--2653
\T1/ptm/m/n/10 ual au-thor. \T1/zi4/m/n/10 pubtype \T1/ptm/m/n/10 The pub-li-ca-tion type, from \T1/zi4/m/n/10 get_tables("publicationtypes")\T1/ptm/m/n/10 .
 []

[52]
Overfull \hbox (23.39972pt too wide) in paragraph at lines 2684--2693
\T1/ptm/m/n/10 ual au-thor. \T1/zi4/m/n/10 pubtype \T1/ptm/m/n/10 The pub-li-ca-tion type, from \T1/zi4/m/n/10 get_tables("publicationtypes")\T1/ptm/m/n/10 .
 []

[53]
Overfull \hbox (23.39972pt too wide) in paragraph at lines 2730--2739
\T1/ptm/m/n/10 ual au-thor. \T1/zi4/m/n/10 pubtype \T1/ptm/m/n/10 The pub-li-ca-tion type, from \T1/zi4/m/n/10 get_tables("publicationtypes")\T1/ptm/m/n/10 .
 []

[54]
Overfull \hbox (8.20923pt too wide) in paragraph at lines 2802--2804
[]\T1/zi4/m/n/10 database \T1/ptm/m/n/10 The con-stituent database for the record. See \T1/zi4/m/n/10 get_table("constituentdatabases") 
 []


Overfull \hbox (37.92822pt too wide) in paragraph at lines 2808--2811
\T1/ptm/m/n/10 data types. For a com-plete list of avail-able dataset-types, run \T1/zi4/m/n/10 neotoma2::get_table(\TS1/zi4/m/n/10 '\T1/zi4/m/n/10 datasettypes\TS1/zi4/m/n/10 '\T1/zi4/m/n/10 ) 
 []

[55] [56] [57] [58] [59] [60] [61] [62] [63] [64] [65] [66] [67] [68] [69] [70] [71] [72] [73] [74] [75]
Overfull \hbox (21.19041pt too wide) in paragraph at lines 4027--4030
\T1/ptm/m/n/10 Neotoma \T1/zi4/m/n/10 agetypes\T1/ptm/m/n/10 : [][]$\T1/zi4/m/n/10 https : / / api . neotomadb . org / v2 . 0 / data / dbtables ? table =
 []

[76] [77] [78] [79] [80] [81] [82] [83] [84] [85] [86] [87] [88] [89] [90] [91] [92] [93] [94] [95] [96] [97] [98] [99] [100] [101] [102] [103] [104] [105] [106] [107] [108] [109] [110] [111] [112] [113] [114] [115] [116] [117] [118] [119] [120] [121] [122]
No file Rd2.ind.
[123] (/private/var/folders/x2/phk11_6n0m93p5fths7dty480000gn/T/RtmpjtSitL/Rd2pdf1137e5b7737/Rd2.aux)
Package rerunfilecheck Info: File `Rd2.out' has not changed.
(rerunfilecheck)             Checksum: 5119D456015B50FC7F3F289471866727;40690.
 ) 
Here is how much of TeX's memory you used:
 10496 strings out of 480198
 175314 string characters out of 5892402
 434725 words of memory out of 5000000
 26918 multiletter control sequences out of 15000+600000
 506793 words of font info for 67 fonts, out of 8000000 for 9000
 14 hyphenation exceptions out of 8191
 77i,6n,79p,484b,617s stack positions out of 10000i,1000n,20000p,200000b,200000s
 </Users/haritoto/Library/TinyTeX/texmf-var/fonts/pk/ljfour/jknappen/ec/tctt0900.600pk>{/Users/haritoto/Library/TinyTeX/texmf-dist/fonts/enc/dvips/inconsolata/i4-ts1.enc}{/Users/haritoto/Library/TinyTeX/texmf-dist/fonts/enc/dvips/base/8r.enc}{/Users/haritoto/Library/TinyTeX/texmf-dist/fonts/enc/dvips/inconsolata/i4-t1-0.enc}</Users/haritoto/Library/TinyTeX/texmf-dist/fonts/type1/public/inconsolata/Inconsolata-zi4r.pfb></Users/haritoto/Library/TinyTeX/texmf-dist/fonts/type1/urw/helvetic/uhvr8a.pfb></Users/haritoto/Library/TinyTeX/texmf-dist/fonts/type1/urw/times/utmb8a.pfb></Users/haritoto/Library/TinyTeX/texmf-dist/fonts/type1/urw/times/utmr8a.pfb></Users/haritoto/Library/TinyTeX/texmf-dist/fonts/type1/urw/times/utmr8a.pfb></Users/haritoto/Library/TinyTeX/texmf-dist/fonts/type1/urw/times/utmri8a.pfb>
Output written on Rd2.pdf (123 pages, 273559 bytes).
PDF statistics:
 3172 PDF objects out of 3580 (max. 8388607)
 3002 compressed objects within 31 object streams
 1417 named destinations out of 1440 (max. 500000)
 1961 words of extra memory for PDF output out of 10000 (max. 10000000)

