Hmm ... looks like a package
Error in texi2dvi(file = file, pdf = TRUE, clean = clean, quiet = quiet,  : 
  Running 'texi2dvi' on 'Rd2.tex' failed.
Messages:
/usr/local/bin/texi2dvi: makeindex failed
Output:
This is pdfTeX, Version 3.141592653-2.6-1.40.24 (TeX Live 2022) (preloaded format=pdflatex)
 restricted \write18 enabled.
entering extended mode
LaTeX2e <2021-11-15> patch level 1
L3 programming layer <2022-04-10>
(./Rd2.tex
(/Users/haritoto/Library/TinyTeX/texmf-dist/tex/latex/base/book.cls
Document Class: book 2021/10/04 v1.4n Standard LaTeX document class
(/Users/haritoto/Library/TinyTeX/texmf-dist/tex/latex/base/bk10.clo)) (/Library/Frameworks/R.framework/Resources/share/texmf/tex/latex/Rd.sty (/Users/haritoto/Library/TinyTeX/texmf-dist/tex/latex/base/ifthen.sty) (/Users/haritoto/Library/TinyTeX/texmf-dist/tex/latex/tools/longtable.sty) (/Users/haritoto/Library/TinyTeX/texmf-dist/tex/latex/tools/bm.sty) (/Users/haritoto/Library/TinyTeX/texmf-dist/tex/latex/base/alltt.sty) (/Users/haritoto/Library/TinyTeX/texmf-dist/tex/latex/tools/verbatim.sty) (/Users/haritoto/Library/TinyTeX/texmf-dist/tex/latex/url/url.sty) (/Users/haritoto/Library/TinyTeX/texmf-dist/tex/latex/base/textcomp.sty) (/Users/haritoto/Library/TinyTeX/texmf-dist/tex/latex/base/fontenc.sty) (/Users/haritoto/Library/TinyTeX/texmf-dist/tex/latex/psnfss/times.sty) (/Users/haritoto/Library/TinyTeX/texmf-dist/tex/latex/inconsolata/zi4.sty `inconsolata-zi4' v1.12, 2019/05/17 Text macros for Inconsolata (msharpe) (/Users/haritoto/Library/TinyTeX/texmf-dist/tex/latex/xkeyval/xkeyval.sty (/Users/haritoto/Library/TinyTeX/texmf-dist/tex/generic/xkeyval/xkeyval.tex (/Users/haritoto/Library/TinyTeX/texmf-dist/tex/generic/xkeyval/xkvutils.tex (/Users/haritoto/Library/TinyTeX/texmf-dist/tex/generic/xkeyval/keyval.tex))))) (/Users/haritoto/Library/TinyTeX/texmf-dist/tex/latex/graphics/color.sty (/Users/haritoto/Library/TinyTeX/texmf-dist/tex/latex/graphics-cfg/color.cfg) (/Users/haritoto/Library/TinyTeX/texmf-dist/tex/latex/graphics-def/pdftex.def)) (/Users/haritoto/Library/TinyTeX/texmf-dist/tex/latex/hyperref/hyperref.sty (/Users/haritoto/Library/TinyTeX/texmf-dist/tex/generic/ltxcmds/ltxcmds.sty) (/Users/haritoto/Library/TinyTeX/texmf-dist/tex/generic/iftex/iftex.sty) (/Users/haritoto/Library/TinyTeX/texmf-dist/tex/generic/pdftexcmds/pdftexcmds.sty (/Users/haritoto/Library/TinyTeX/texmf-dist/tex/generic/infwarerr/infwarerr.sty)) (/Users/haritoto/Library/TinyTeX/texmf-dist/tex/generic/kvsetkeys/kvsetkeys.sty) (/Users/haritoto/Library/TinyTeX/texmf-dist/tex/generic/kvdefinekeys/kvdefinekeys.sty) (/Users/haritoto/Library/TinyTeX/texmf-dist/tex/generic/pdfescape/pdfescape.sty) (/Users/haritoto/Library/TinyTeX/texmf-dist/tex/latex/hycolor/hycolor.sty) (/Users/haritoto/Library/TinyTeX/texmf-dist/tex/latex/letltxmacro/letltxmacro.sty) (/Users/haritoto/Library/TinyTeX/texmf-dist/tex/latex/auxhook/auxhook.sty) (/Users/haritoto/Library/TinyTeX/texmf-dist/tex/latex/kvoptions/kvoptions.sty) (/Users/haritoto/Library/TinyTeX/texmf-dist/tex/latex/hyperref/pd1enc.def) (/Users/haritoto/Library/TinyTeX/texmf-dist/tex/generic/intcalc/intcalc.sty) (/Users/haritoto/Library/TinyTeX/texmf-dist/tex/generic/etexcmds/etexcmds.sty) (/Users/haritoto/Library/TinyTeX/texmf-dist/tex/latex/hyperref/puenc.def) (/Users/haritoto/Library/TinyTeX/texmf-dist/tex/generic/bitset/bitset.sty (/Users/haritoto/Library/TinyTeX/texmf-dist/tex/generic/bigintcalc/bigintcalc.sty)) (/Users/haritoto/Library/TinyTeX/texmf-dist/tex/latex/base/atbegshi-ltx.sty)) (/Users/haritoto/Library/TinyTeX/texmf-dist/tex/latex/hyperref/hpdftex.def (/Users/haritoto/Library/TinyTeX/texmf-dist/tex/latex/base/atveryend-ltx.sty) (/Users/haritoto/Library/TinyTeX/texmf-dist/tex/latex/rerunfilecheck/rerunfilecheck.sty (/Users/haritoto/Library/TinyTeX/texmf-dist/tex/generic/uniquecounter/uniquecounter.sty)))

Package hyperref Warning: Option `hyperindex' has already been used,
(hyperref)                setting the option has no effect on input line 378.


Package hyperref Warning: Option `pagebackref' has already been used,
(hyperref)                setting the option has no effect on input line 378.

) (/Users/haritoto/Library/TinyTeX/texmf-dist/tex/latex/base/makeidx.sty) (/Users/haritoto/Library/TinyTeX/texmf-dist/tex/latex/base/inputenc.sty)
Writing index file Rd2.idx
(/Users/haritoto/Library/TinyTeX/texmf-dist/tex/latex/psnfss/t1ptm.fd) (/Users/haritoto/Library/TinyTeX/texmf-dist/tex/latex/l3backend/l3backend-pdftex.def)
No file Rd2.aux.
(/Users/haritoto/Library/TinyTeX/texmf-dist/tex/latex/hyperref/nameref.sty (/Users/haritoto/Library/TinyTeX/texmf-dist/tex/latex/refcount/refcount.sty) (/Users/haritoto/Library/TinyTeX/texmf-dist/tex/generic/gettitlestring/gettitlestring.sty)) (/Users/haritoto/Library/TinyTeX/texmf-dist/tex/latex/inconsolata/t1zi4.fd) (/Users/haritoto/Library/TinyTeX/texmf-dist/tex/latex/psnfss/t1phv.fd) [1{/Users/haritoto/Library/TinyTeX/texmf-var/fonts/map/pdftex/updmap/pdftex.map}] (/Users/haritoto/Library/TinyTeX/texmf-dist/tex/latex/inconsolata/ts1zi4.fd) [2] [3] [4] [5] [6] [7] [8] [9] [10] [11] [12] [13] [14]
Overfull \hbox (18.6079pt too wide) in paragraph at lines 850--855
[]\T1/ptm/m/n/10 called ar-gu-ments. Ar-gu-ments are go-ing to be called by match_call in-side: [][]\T1/zi4/m/n/10 get_sites[][][]
[15] [16] [17] [18] [19]
Overfull \hbox (5.71855pt too wide) in paragraph at lines 1112--1115
[]\T1/ptm/m/n/10 Given com-plete dataset ob-jects in Neotoma (must have used \T1/zi4/m/n/10 get_datasets() \T1/ptm/m/n/10 or \T1/zi4/m/n/10 get_downloads()\T1/ptm/m/n/10 ),
[20]
Overfull \hbox (5.71855pt too wide) in paragraph at lines 1144--1147
[]\T1/ptm/m/n/10 Given com-plete dataset ob-jects in Neotoma (must have used \T1/zi4/m/n/10 get_datasets() \T1/ptm/m/n/10 or \T1/zi4/m/n/10 get_downloads()\T1/ptm/m/n/10 ),
[21] (/Users/haritoto/Library/TinyTeX/texmf-dist/tex/latex/psnfss/ts1ptm.fd) [22] [23] [24] [25] [26] [27] [28] [29] [30]
Overfull \hbox (5.71855pt too wide) in paragraph at lines 1688--1691
[]\T1/ptm/m/n/10 Given com-plete dataset ob-jects in Neotoma (must have used \T1/zi4/m/n/10 get_datasets() \T1/ptm/m/n/10 or \T1/zi4/m/n/10 get_downloads()\T1/ptm/m/n/10 ),
[31]
Overfull \hbox (5.71855pt too wide) in paragraph at lines 1720--1723
[]\T1/ptm/m/n/10 Given com-plete dataset ob-jects in Neotoma (must have used \T1/zi4/m/n/10 get_datasets() \T1/ptm/m/n/10 or \T1/zi4/m/n/10 get_downloads()\T1/ptm/m/n/10 ),
[32] [33] [34] [35] [36]
Overfull \hbox (5.73766pt too wide) in paragraph at lines 2063--2069
[]\T1/ptm/m/n/10 (\T1/zi4/m/n/10 contactname\T1/ptm/m/n/10 ) A full or par-tial name for an in-di-vid-ual con-trib-u-tor to the database.
[37]
Overfull \hbox (5.73766pt too wide) in paragraph at lines 2091--2097
[]\T1/ptm/m/n/10 (\T1/zi4/m/n/10 contactname\T1/ptm/m/n/10 ) A full or par-tial name for an in-di-vid-ual con-trib-u-tor to the database.

Overfull \hbox (5.73766pt too wide) in paragraph at lines 2119--2125
[]\T1/ptm/m/n/10 (\T1/zi4/m/n/10 contactname\T1/ptm/m/n/10 ) A full or par-tial name for an in-di-vid-ual con-trib-u-tor to the database.
[38]
Overfull \hbox (8.20923pt too wide) in paragraph at lines 2173--2175
[]\T1/zi4/m/n/10 database \T1/ptm/m/n/10 The con-stituent database for the record. See \T1/zi4/m/n/10 get_table("constituentdatabases") 

Overfull \hbox (39.82825pt too wide) in paragraph at lines 2175--2178
\T1/ptm/m/n/10 data types. For a com-plete list of avail-able dataset types, run \T1/zi4/m/n/10 neotoma2::get_table(\TS1/zi4/m/n/10 '\T1/zi4/m/n/10 datasettypes\TS1/zi4/m/n/10 '\T1/zi4/m/n/10 ) 
[39] [40] [41] [42] [43] [44] (/Users/haritoto/Library/TinyTeX/texmf-dist/tex/latex/base/t1cmtt.fd) (/Users/haritoto/Library/TinyTeX/texmf-dist/tex/latex/base/ts1cmtt.fd) [45]
Overfull \hbox (23.39972pt too wide) in paragraph at lines 2564--2573
\T1/ptm/m/n/10 ual au-thor. \T1/zi4/m/n/10 pubtype \T1/ptm/m/n/10 The pub-li-ca-tion type, from \T1/zi4/m/n/10 get_tables("publicationtypes")\T1/ptm/m/n/10 .

Overfull \hbox (23.39972pt too wide) in paragraph at lines 2603--2612
\T1/ptm/m/n/10 ual au-thor. \T1/zi4/m/n/10 pubtype \T1/ptm/m/n/10 The pub-li-ca-tion type, from \T1/zi4/m/n/10 get_tables("publicationtypes")\T1/ptm/m/n/10 .
[46]
Overfull \hbox (23.39972pt too wide) in paragraph at lines 2644--2653
\T1/ptm/m/n/10 ual au

This is pdfTeX, Version 3.141592653-2.6-1.40.24 (TeX Live 2022) (preloaded format=pdflatex)
 restricted \write18 enabled.
entering extended mode
LaTeX2e <2021-11-15> patch level 1
L3 programming layer <2022-04-10>
(./Rd2.tex
(/Users/haritoto/Library/TinyTeX/texmf-dist/tex/latex/base/book.cls
Document Class: book 2021/10/04 v1.4n Standard LaTeX document class
(/Users/haritoto/Library/TinyTeX/texmf-dist/tex/latex/base/bk10.clo)) (/Library/Frameworks/R.framework/Resources/share/texmf/tex/latex/Rd.sty (/Users/haritoto/Library/TinyTeX/texmf-dist/tex/latex/base/ifthen.sty) (/Users/haritoto/Library/TinyTeX/texmf-dist/tex/latex/tools/longtable.sty) (/Users/haritoto/Library/TinyTeX/texmf-dist/tex/latex/tools/bm.sty) (/Users/haritoto/Library/TinyTeX/texmf-dist/tex/latex/base/alltt.sty) (/Users/haritoto/Library/TinyTeX/texmf-dist/tex/latex/tools/verbatim.sty) (/Users/haritoto/Library/TinyTeX/texmf-dist/tex/latex/url/url.sty) (/Users/haritoto/Library/TinyTeX/texmf-dist/tex/latex/base/textcomp.sty) (/Users/haritoto/Library/TinyTeX/texmf-dist/tex/latex/base/fontenc.sty) (/Users/haritoto/Library/TinyTeX/texmf-dist/tex/latex/psnfss/times.sty) (/Users/haritoto/Library/TinyTeX/texmf-dist/tex/latex/inconsolata/zi4.sty `inconsolata-zi4' v1.12, 2019/05/17 Text macros for Inconsolata (msharpe) (/Users/haritoto/Library/TinyTeX/texmf-dist/tex/latex/xkeyval/xkeyval.sty (/Users/haritoto/Library/TinyTeX/texmf-dist/tex/generic/xkeyval/xkeyval.tex (/Users/haritoto/Library/TinyTeX/texmf-dist/tex/generic/xkeyval/xkvutils.tex (/Users/haritoto/Library/TinyTeX/texmf-dist/tex/generic/xkeyval/keyval.tex))))) (/Users/haritoto/Library/TinyTeX/texmf-dist/tex/latex/graphics/color.sty (/Users/haritoto/Library/TinyTeX/texmf-dist/tex/latex/graphics-cfg/color.cfg) (/Users/haritoto/Library/TinyTeX/texmf-dist/tex/latex/graphics-def/pdftex.def)) (/Users/haritoto/Library/TinyTeX/texmf-dist/tex/latex/hyperref/hyperref.sty (/Users/haritoto/Library/TinyTeX/texmf-dist/tex/generic/ltxcmds/ltxcmds.sty) (/Users/haritoto/Library/TinyTeX/texmf-dist/tex/generic/iftex/iftex.sty) (/Users/haritoto/Library/TinyTeX/texmf-dist/tex/generic/pdftexcmds/pdftexcmds.sty (/Users/haritoto/Library/TinyTeX/texmf-dist/tex/generic/infwarerr/infwarerr.sty)) (/Users/haritoto/Library/TinyTeX/texmf-dist/tex/generic/kvsetkeys/kvsetkeys.sty) (/Users/haritoto/Library/TinyTeX/texmf-dist/tex/generic/kvdefinekeys/kvdefinekeys.sty) (/Users/haritoto/Library/TinyTeX/texmf-dist/tex/generic/pdfescape/pdfescape.sty) (/Users/haritoto/Library/TinyTeX/texmf-dist/tex/latex/hycolor/hycolor.sty) (/Users/haritoto/Library/TinyTeX/texmf-dist/tex/latex/letltxmacro/letltxmacro.sty) (/Users/haritoto/Library/TinyTeX/texmf-dist/tex/latex/auxhook/auxhook.sty) (/Users/haritoto/Library/TinyTeX/texmf-dist/tex/latex/kvoptions/kvoptions.sty) (/Users/haritoto/Library/TinyTeX/texmf-dist/tex/latex/hyperref/pd1enc.def) (/Users/haritoto/Library/TinyTeX/texmf-dist/tex/generic/intcalc/intcalc.sty) (/Users/haritoto/Library/TinyTeX/texmf-dist/tex/generic/etexcmds/etexcmds.sty) (/Users/haritoto/Library/TinyTeX/texmf-dist/tex/latex/hyperref/puenc.def) (/Users/haritoto/Library/TinyTeX/texmf-dist/tex/generic/bitset/bitset.sty (/Users/haritoto/Library/TinyTeX/texmf-dist/tex/generic/bigintcalc/bigintcalc.sty)) (/Users/haritoto/Library/TinyTeX/texmf-dist/tex/latex/base/atbegshi-ltx.sty)) (/Users/haritoto/Library/TinyTeX/texmf-dist/tex/latex/hyperref/hpdftex.def (/Users/haritoto/Library/TinyTeX/texmf-dist/tex/latex/base/atveryend-ltx.sty) (/Users/haritoto/Library/TinyTeX/texmf-dist/tex/latex/rerunfilecheck/rerunfilecheck.sty (/Users/haritoto/Library/TinyTeX/texmf-dist/tex/generic/uniquecounter/uniquecounter.sty)))

Package hyperref Warning: Option `hyperindex' has already been used,
(hyperref)                setting the option has no effect on input line 378.


Package hyperref Warning: Option `pagebackref' has already been used,
(hyperref)                setting the option has no effect on input line 378.

) (/Users/haritoto/Library/TinyTeX/texmf-dist/tex/latex/base/makeidx.sty) (/Users/haritoto/Library/TinyTeX/texmf-dist/tex/latex/base/inputenc.sty)
Writing index file Rd2.idx
(/Users/haritoto/Library/TinyTeX/texmf-dist/tex/latex/psnfss/t1ptm.fd) (/Users/haritoto/Library/TinyTeX/texmf-dist/tex/latex/l3backend/l3backend-pdftex.def) (/private/var/folders/x2/phk11_6n0m93p5fths7dty480000gn/T/RtmpjtSitL/Rd2pdf1137e5b7737/Rd2.aux) (/Users/haritoto/Library/TinyTeX/texmf-dist/tex/latex/hyperref/nameref.sty (/Users/haritoto/Library/TinyTeX/texmf-dist/tex/latex/refcount/refcount.sty) (/Users/haritoto/Library/TinyTeX/texmf-dist/tex/generic/gettitlestring/gettitlestring.sty)) (/private/var/folders/x2/phk11_6n0m93p5fths7dty480000gn/T/RtmpjtSitL/Rd2pdf1137e5b7737/Rd2.out) (/private/var/folders/x2/phk11_6n0m93p5fths7dty480000gn/T/RtmpjtSitL/Rd2pdf1137e5b7737/Rd2.out) (/Users/haritoto/Library/TinyTeX/texmf-dist/tex/latex/inconsolata/t1zi4.fd) (/Users/haritoto/Library/TinyTeX/texmf-dist/tex/latex/psnfss/t1phv.fd) (/private/var/folders/x2/phk11_6n0m93p5fths7dty480000gn/T/RtmpjtSitL/Rd2pdf1137e5b7737/Rd2.toc [1{/Users/haritoto/Library/TinyTeX/texmf-var/fonts/map/pdftex/updmap/pdftex.map}] [2] [3] [4] [5]) (/Users/haritoto/Library/TinyTeX/texmf-dist/tex/latex/inconsolata/ts1zi4.fd) [6] [7] [8] [9] [10] [11] [12] [13] [14] [15] [16] [17] [18] [19]
Overfull \hbox (18.6079pt too wide) in paragraph at lines 850--855
[]\T1/ptm/m/n/10 called ar-gu-ments. Ar-gu-ments are go-ing to be called by match_call in-side: [][]\T1/zi4/m/n/10 get_sites[][][]
[20] [21] [22] [23] [24]
Overfull \hbox (5.71855pt too wide) in paragraph at lines 1112--1115
[]\T1/ptm/m/n/10 Given com-plete dataset ob-jects in Neotoma (must have used \T1/zi4/m/n/10 get_datasets() \T1/ptm/m/n/10 or \T1/zi4/m/n/10 get_downloads()\T1/ptm/m/n/10 ),
[25]
Overfull \hbox (5.71855pt too wide) in paragraph at lines 1144--1147
[]\T1/ptm/m/n/10 Given com-plete dataset ob-jects in Neotoma (must have used \T1/zi4/m/n/10 get_datasets() \T1/ptm/m/n/10 or \T1/zi4/m/n/10 get_downloads()\T1/ptm/m/n/10 ),
[26] (/Users/haritoto/Library/TinyTeX/texmf-dist/tex/latex/psnfss/ts1ptm.fd) [27] [28] [29] [30] [31] [32] [33] [34] [35]
Overfull \hbox (5.71855pt too wide) in paragraph at lines 1688--1691
[]\T1/ptm/m/n/10 Given com-plete dataset ob-jects in Neotoma (must have used \T1/zi4/m/n/10 get_datasets() \T1/ptm/m/n/10 or \T1/zi4/m/n/10 get_downloads()\T1/ptm/m/n/10 ),
[36]
Overfull \hbox (5.71855pt too wide) in paragraph at lines 1720--1723
[]\T1/ptm/m/n/10 Given com-plete dataset ob-jects in Neotoma (must have used \T1/zi4/m/n/10 get_datasets() \T1/ptm/m/n/10 or \T1/zi4/m/n/10 get_downloads()\T1/ptm/m/n/10 ),
[37] [38] [39] [40] [41]
Overfull \hbox (5.73766pt too wide) in paragraph at lines 2063--2069
[]\T1/ptm/m/n/10 (\T1/zi4/m/n/10 contactname\T1/ptm/m/n/10 ) A full or par-tial name for an in-di-vid-ual con-trib-u-tor to the database.
[42]
Overfull \hbox (5.73766pt too wide) in paragraph at lines 2091--2097
[]\T1/ptm/m/n/10 (\T1/zi4/m/n/10 contactname\T1/ptm/m/n/10 ) A full or par-tial name for an in-di-vid-ual con-trib-u-tor to the database.

Overfull \hbox (5.73766pt too wide) in paragraph at lines 2119--2125
[]\T1/ptm/m/n/10 (\T1/zi4/m/n/10 contactname\T1/ptm/m/n/10 ) A full or par-tial name for an in-di-vid-ual con-trib-u-tor to the database.
[43]
Overfull \hbox (8.20923pt too wide) in paragraph at lines 2173--2175
[]\T1/zi4/m/n/10 database \T1/ptm/m/n/10 The con-stituent database for the record. See \T1/zi4/m/n/10 get_table("constituentdatabases") 

Overfull \hbox (39.82825pt too wide) in paragraph at lines 2175--2178
\T1/ptm/m/n/10 data types. For a com-plete list of avail-able dataset types, run \T1/zi4/m/n/10 neotoma2::get_table(\TS1/zi4/m/n/10 '\T1/zi4/m/n/10 datasettypes\TS1/zi4/m/n/10 '\T1/zi4/m/n/10 ) 
[44] [45] [46] [47] [48] [49] (/Users/haritoto/Library/TinyTeX/texmf-dist/tex/latex/base/t1cmtt.fd) (/Users/haritoto/Library/TinyTeX/texmf-dist/tex/latex/base/ts1cmtt.fd) [50]
Overfull \hbox (23.39972pt too wide) in paragraph at lines 2564--2573
\T1/ptm/m/n/10 ual au-thor. \T1/zi4/m/n/10 pubtype \T1/ptm/m/n/10 The pub-li-ca-tion type, from \T1/zi4/m/n/10 get_tables("publicationtypes")\T1/ptm/m/n/10 .

Overfull \hbox (23.39972pt too wide) in paragraph at lines 2603--2612
\T1/ptm/m/n/10 ual au-thor. \T1/zi4/m/n/10 pubtype \T1/ptm/m/n/10 The pub-li-ca-tion type, from \T1/zi4/m/n/10 get_tables("publicationtypes")\T1/ptm/m/n/10 .
[51]
Overfull \hbox (23.39972pt too wide) in paragraph at lines 2644--2653
\T1/ptm/m/n/10 ual au-thor. \T1/zi4/m/n/10 pubtype \T1/ptm/m/n/10 The pub-li-ca-tion type, from \T1/zi4/m/n/10 get_tables("publicationtypes")\T1/ptm/m/n/10 .
[52]
Overfull \hbox (23.39972pt too wide) in paragraph at lines 2684--2693
\T1/ptm/m/n/10 ual au-thor. \T1/zi4/m/n/10 pubtype \T1/ptm/m/n/10 The pub-li-ca-tion type, from \T1/zi4/m/n/10 get_tables("publicationtypes")\T1/ptm/m/n/10 .
[53]
Overfull \hbox (23.39972pt too wide) in paragraph at lines 2730--2739
\T1/ptm/m/n/10 ual au-thor. \T1/zi4/m/n/10 pubtype \T1/ptm/m/n/10 The pub-li-ca-tion type, from \T1/zi4/m/n/10 get_tables("publicationtypes")\T1/ptm/m/n/10 .
[54]
Overfull \hbox (8.20923pt too wide) in paragraph at lines 2802--2804
[]\T1/zi4/m/n/10 database \T1/ptm/m/n/10 The con-stituent database for the record. See \T1/zi4/m/n/10 get_table("constituentdatabases") 

Overfull \hbox (37.92822pt too wide) in paragraph at lines 2808--2811
\T1/ptm/m/n/10 data types. For a com-plete list of avail-able dataset-types, run \T1/zi4/m/n/10 neotoma2::get_table(\TS1/zi4/m/n/10 '\T1/zi4/m/n/10 datasettypes\TS1/zi4/m/n/10 '\T1/zi4/m/n/10 ) 
[55] [56] [57] [58] [59] [60] [61] [62] [63] [64] [65] [66] [67] [68] [69] [70] [71] [72] [73] [74] [75]
Overfull \hbox (21.19041pt too wide) in paragraph at lines 4027--4030
\T1/ptm/m/n/10 Neotoma \T1/zi4/m/n/10 agetypes\T1/ptm/m/n/10 : [][]$\T1/zi4/m/n/10 https : / / api . neotomadb . org / v2 . 0 / data / dbtables ? table =
[76] [77] [78] [79] [80] [81] [82] [83] [84] [85] [86] [87] [88] [89] [90] [91] [92] [93] [94] [95] [96] [97] [98] [99] [100] [101] [102] [103] [104] [105] [106] [107] [108] [109] [110] [111] [112] [113] [114] [115] [116] [117] [118] [119] [120] [121] [122]
No file Rd2.ind.
[123] (/private/var/folders/x2/phk11_6n0m93p5fths7dty480000gn/T/RtmpjtSitL/Rd2pdf1137e5b7737/Rd2.aux) )
(see the transcript file for additional information) </Users/haritoto/Library/TinyTeX/texmf-var/fonts/pk/ljfour/jknappen/ec/tctt0900.600pk>{/Users/haritoto/Library/TinyTeX/texmf-dist/fonts/enc/dvips/inconsolata/i4-ts1.enc}{/Users/haritoto/Library/TinyTeX/texmf-dist/fonts/enc/dvips/base/8r.enc}{/Users/haritoto/Library/TinyTeX/texmf-dist/fonts/enc/dvips/inconsolata/i4-t1-0.enc}</Users/haritoto/Library/TinyTeX/texmf-dist/fonts/type1/public/inconsolata/Inconsolata-zi4r.pfb></Users/haritoto/Library/TinyTeX/texmf-dist/fonts/type1/urw/helvetic/uhvr8a.pfb></Users/haritoto/Library/TinyTeX/texmf-dist/fonts/type1/urw/times/utmb8a.pfb></Users/haritoto/Library/TinyTeX/texmf-dist/fonts/type1/urw/times/utmr8a.pfb></Users/haritoto/Library/TinyTeX/texmf-dist/fonts/type1/urw/times/utmr8a.pfb></Users/haritoto/Library/TinyTeX/texmf-dist/fonts/type1/urw/times/utmri8a.pfb>
Output written on Rd2.pdf (123 pages, 273559 bytes).
Transcript written on Rd2.log.
Saving output to ‘neotoma2-manual.pdf’ ...
Done
You may want to clean up by 'rm -Rf /var/folders/x2/phk11_6n0m93p5fths7dty480000gn/T//RtmpjtSitL/Rd2pdf1137e5b7737'
